

Fri Jan  8 16:46:32 2021
badge_cifar10_resnet18_Adam's set level: 10
badge_cifar10_resnet18_Adam logger is ready
>> Mode @ rand
 >> img_size@3 :: training_bs @128 :: testing_bs @1000
 >> model@resnet18 :: loss_fn@crossentropy :: optimizer@Adam :: lr@0.001
 >> # of initial labeled pool :: @100 & # of querying exmaples :: @100
 >> # of unlabeled pool pool :: @49900
 >> # of testing pool :: @10000
 >> # of data @100 || total train time @3.612s || test acc@0.100
 >> # of data @200 || total train time @3.913s || test acc@0.165


Sat Jan  9 03:07:20 2021
badge_cifar10_resnet18_Adam's set level: 10
badge_cifar10_resnet18_Adam logger is ready
>> Mode @ rand
 >> img_size@3 :: training_bs @128 :: testing_bs @1000
 >> model@resnet18 :: loss_fn@crossentropy :: optimizer@Adam :: lr@0.001
 >> # of initial labeled pool :: @100 & # of querying exmaples :: @100
 >> # of unlabeled pool pool :: @49900
 >> # of testing pool :: @10000
 >> # of data @100 || total train time @3.878s || test acc@0.100
 >> # of data @200 || total train time @4.168s || test acc@0.165


Sat Jan  9 03:09:41 2021
badge_cifar10_resnet18_Adam's set level: 10
badge_cifar10_resnet18_Adam logger is ready
>> Mode @ rand
 >> img_size@3 :: training_bs @128 :: testing_bs @1000
 >> model@resnet18 :: loss_fn@crossentropy :: optimizer@Adam :: lr@0.001
 >> # of initial labeled pool :: @100 & # of querying exmaples :: @100
 >> # of unlabeled pool pool :: @49900
 >> # of testing pool :: @10000
 >> # of data @100 || total train time @4.192s || test acc@0.100
 >> # of data @200 || total train time @3.939s || test acc@0.165
 >> # of data @300 || total train time @5.224s || test acc@0.246
 >> # of data @400 || total train time @4.787s || test acc@0.234
 >> # of data @500 || total train time @4.966s || test acc@0.265
 >> # of data @600 || total train time @5.301s || test acc@0.256
 >> # of data @700 || total train time @5.458s || test acc@0.276
 >> # of data @800 || total train time @6.221s || test acc@0.265
 >> # of data @900 || total train time @10.549s || test acc@0.284
 >> # of data @1000 || total train time @5.976s || test acc@0.287
 >> # of data @1100 || total train time @6.202s || test acc@0.304
 >> # of data @1200 || total train time @7.063s || test acc@0.290
 >> # of data @1300 || total train time @7.492s || test acc@0.294
 >> # of data @1400 || total train time @6.346s || test acc@0.278
 >> # of data @1500 || total train time @6.169s || test acc@0.310
 >> # of data @1600 || total train time @6.620s || test acc@0.288
 >> # of data @1700 || total train time @8.098s || test acc@0.316
 >> # of data @1800 || total train time @8.913s || test acc@0.301
 >> # of data @1900 || total train time @7.501s || test acc@0.309
 >> # of data @2000 || total train time @7.984s || test acc@0.318
 >> # of data @2100 || total train time @8.743s || test acc@0.307
 >> # of data @2200 || total train time @9.140s || test acc@0.333
 >> # of data @2300 || total train time @8.329s || test acc@0.317
 >> # of data @2400 || total train time @8.885s || test acc@0.321
 >> # of data @2500 || total train time @8.960s || test acc@0.318
 >> # of data @2600 || total train time @11.433s || test acc@0.325
 >> # of data @2700 || total train time @11.134s || test acc@0.323
 >> # of data @2800 || total train time @9.654s || test acc@0.319
 >> # of data @2900 || total train time @9.221s || test acc@0.328
 >> # of data @3000 || total train time @12.232s || test acc@0.334
 >> # of data @3100 || total train time @11.325s || test acc@0.338
 >> # of data @3200 || total train time @9.741s || test acc@0.331
 >> # of data @3300 || total train time @9.958s || test acc@0.332
 >> # of data @3400 || total train time @11.531s || test acc@0.357
 >> # of data @3500 || total train time @10.579s || test acc@0.330
 >> # of data @3600 || total train time @14.000s || test acc@0.357
 >> # of data @3700 || total train time @11.151s || test acc@0.307
 >> # of data @3800 || total train time @12.338s || test acc@0.343
 >> # of data @3900 || total train time @13.080s || test acc@0.338
 >> # of data @4000 || total train time @13.018s || test acc@0.358
 >> # of data @4100 || total train time @14.625s || test acc@0.337
 >> # of data @4200 || total train time @12.173s || test acc@0.350
 >> # of data @4300 || total train time @15.219s || test acc@0.376
 >> # of data @4400 || total train time @14.327s || test acc@0.370
 >> # of data @4500 || total train time @14.596s || test acc@0.339
 >> # of data @4600 || total train time @14.613s || test acc@0.350
 >> # of data @4700 || total train time @13.987s || test acc@0.345
 >> # of data @4800 || total train time @13.951s || test acc@0.354
 >> # of data @4900 || total train time @14.302s || test acc@0.360
 >> # of data @5000 || total train time @19.105s || test acc@0.377
 >> # of data @5100 || total train time @15.565s || test acc@0.371
 >> # of data @5200 || total train time @14.572s || test acc@0.348
 >> # of data @5300 || total train time @16.670s || test acc@0.371
 >> # of data @5400 || total train time @15.682s || test acc@0.369
 >> # of data @5500 || total train time @16.598s || test acc@0.362
 >> # of data @5600 || total train time @17.186s || test acc@0.364
 >> # of data @5700 || total train time @16.206s || test acc@0.373
 >> # of data @5800 || total train time @18.599s || test acc@0.394
 >> # of data @5900 || total train time @18.428s || test acc@0.380
 >> # of data @6000 || total train time @20.160s || test acc@0.372
 >> # of data @6100 || total train time @17.857s || test acc@0.376
 >> # of data @6200 || total train time @17.089s || test acc@0.361
 >> # of data @6300 || total train time @18.231s || test acc@0.383
 >> # of data @6400 || total train time @18.244s || test acc@0.366
 >> # of data @6500 || total train time @17.316s || test acc@0.383
 >> # of data @6600 || total train time @18.067s || test acc@0.369
 >> # of data @6700 || total train time @18.105s || test acc@0.357
 >> # of data @6800 || total train time @18.138s || test acc@0.364
 >> # of data @6900 || total train time @19.587s || test acc@0.383
 >> # of data @7000 || total train time @19.880s || test acc@0.373
 >> # of data @7100 || total train time @19.946s || test acc@0.366
 >> # of data @7200 || total train time @16.052s || test acc@0.380
 >> # of data @7300 || total train time @20.333s || test acc@0.362
 >> # of data @7400 || total train time @20.620s || test acc@0.383
 >> # of data @7500 || total train time @18.368s || test acc@0.374
 >> # of data @7600 || total train time @23.569s || test acc@0.385
 >> # of data @7700 || total train time @25.566s || test acc@0.395
 >> # of data @7800 || total train time @21.262s || test acc@0.385
 >> # of data @7900 || total train time @23.777s || test acc@0.391
 >> # of data @8000 || total train time @21.796s || test acc@0.375
 >> # of data @8100 || total train time @23.601s || test acc@0.376
 >> # of data @8200 || total train time @23.910s || test acc@0.373
 >> # of data @8300 || total train time @25.847s || test acc@0.401
 >> # of data @8400 || total train time @25.429s || test acc@0.388
 >> # of data @8500 || total train time @30.635s || test acc@0.412
 >> # of data @8600 || total train time @25.463s || test acc@0.390
 >> # of data @8700 || total train time @25.415s || test acc@0.384
 >> # of data @8800 || total train time @20.973s || test acc@0.386
 >> # of data @8900 || total train time @23.653s || test acc@0.385
 >> # of data @9000 || total train time @24.130s || test acc@0.386
 >> # of data @9100 || total train time @28.061s || test acc@0.396
 >> # of data @9200 || total train time @28.339s || test acc@0.372
 >> # of data @9300 || total train time @26.491s || test acc@0.388
 >> # of data @9400 || total train time @27.546s || test acc@0.382
 >> # of data @9500 || total train time @22.955s || test acc@0.388
 >> # of data @9600 || total train time @23.352s || test acc@0.393
 >> # of data @9700 || total train time @24.068s || test acc@0.395
 >> # of data @9800 || total train time @27.201s || test acc@0.406
 >> # of data @9900 || total train time @23.407s || test acc@0.401
 >> # of data @10000 || total train time @30.765s || test acc@0.412
 >> # of data @10100 || total train time @27.815s || test acc@0.389
 >> # of data @10200 || total train time @26.858s || test acc@0.396
 >> # of data @10300 || total train time @28.796s || test acc@0.383
 >> # of data @10400 || total train time @26.846s || test acc@0.392
 >> # of data @10500 || total train time @37.900s || test acc@0.392
 >> # of data @10600 || total train time @25.108s || test acc@0.419
 >> # of data @10700 || total train time @26.989s || test acc@0.381
 >> # of data @10800 || total train time @28.175s || test acc@0.389
 >> # of data @10900 || total train time @31.498s || test acc@0.417
 >> # of data @11000 || total train time @30.719s || test acc@0.394
 >> # of data @11100 || total train time @27.560s || test acc@0.407
 >> # of data @11200 || total train time @31.437s || test acc@0.408
 >> # of data @11300 || total train time @27.600s || test acc@0.380
 >> # of data @11400 || total train time @34.093s || test acc@0.404
 >> # of data @11500 || total train time @29.770s || test acc@0.429
 >> # of data @11600 || total train time @31.642s || test acc@0.408
 >> # of data @11700 || total train time @33.166s || test acc@0.422
 >> # of data @11800 || total train time @34.535s || test acc@0.412
 >> # of data @11900 || total train time @36.967s || test acc@0.422
 >> # of data @12000 || total train time @29.350s || test acc@0.395
 >> # of data @12100 || total train time @33.921s || test acc@0.410
 >> # of data @12200 || total train time @30.894s || test acc@0.406
 >> # of data @12300 || total train time @35.446s || test acc@0.401
 >> # of data @12400 || total train time @38.530s || test acc@0.411
 >> # of data @12500 || total train time @35.118s || test acc@0.393
 >> # of data @12600 || total train time @29.986s || test acc@0.391
 >> # of data @12700 || total train time @36.805s || test acc@0.409
 >> # of data @12800 || total train time @30.504s || test acc@0.408
 >> # of data @12900 || total train time @37.538s || test acc@0.423
 >> # of data @13000 || total train time @36.761s || test acc@0.421
 >> # of data @13100 || total train time @37.400s || test acc@0.423
 >> # of data @13200 || total train time @38.686s || test acc@0.403
 >> # of data @13300 || total train time @39.246s || test acc@0.432
 >> # of data @13400 || total train time @38.874s || test acc@0.436
 >> # of data @13500 || total train time @39.839s || test acc@0.442
 >> # of data @13600 || total train time @39.846s || test acc@0.417
 >> # of data @13700 || total train time @42.746s || test acc@0.418
 >> # of data @13800 || total train time @38.453s || test acc@0.418
 >> # of data @13900 || total train time @38.633s || test acc@0.420
 >> # of data @14000 || total train time @41.276s || test acc@0.438
 >> # of data @14100 || total train time @36.451s || test acc@0.428
 >> # of data @14200 || total train time @36.989s || test acc@0.424
 >> # of data @14300 || total train time @45.893s || test acc@0.438
 >> # of data @14400 || total train time @39.303s || test acc@0.429
 >> # of data @14500 || total train time @38.551s || test acc@0.432
 >> # of data @14600 || total train time @45.523s || test acc@0.428
 >> # of data @14700 || total train time @36.712s || test acc@0.444
 >> # of data @14800 || total train time @43.571s || test acc@0.419
 >> # of data @14900 || total train time @38.471s || test acc@0.426
 >> # of data @15000 || total train time @41.343s || test acc@0.438
 >> # of data @15100 || total train time @38.119s || test acc@0.454
 >> # of data @15200 || total train time @38.928s || test acc@0.439
 >> # of data @15300 || total train time @38.209s || test acc@0.419
 >> # of data @15400 || total train time @44.804s || test acc@0.421
 >> # of data @15500 || total train time @49.447s || test acc@0.445
 >> # of data @15600 || total train time @45.390s || test acc@0.442
 >> # of data @15700 || total train time @44.514s || test acc@0.432
 >> # of data @15800 || total train time @44.949s || test acc@0.445
 >> # of data @15900 || total train time @46.138s || test acc@0.440
 >> # of data @16000 || total train time @40.022s || test acc@0.418
 >> # of data @16100 || total train time @40.251s || test acc@0.436
 >> # of data @16200 || total train time @45.656s || test acc@0.463
 >> # of data @16300 || total train time @41.348s || test acc@0.435
 >> # of data @16400 || total train time @44.640s || test acc@0.442
 >> # of data @16500 || total train time @39.906s || test acc@0.431
 >> # of data @16600 || total train time @43.652s || test acc@0.440
 >> # of data @16700 || total train time @45.526s || test acc@0.441
 >> # of data @16800 || total train time @47.436s || test acc@0.437
 >> # of data @16900 || total train time @50.950s || test acc@0.449
 >> # of data @17000 || total train time @42.219s || test acc@0.445
 >> # of data @17100 || total train time @44.393s || test acc@0.442
 >> # of data @17200 || total train time @41.408s || test acc@0.426
 >> # of data @17300 || total train time @51.222s || test acc@0.448
 >> # of data @17400 || total train time @48.038s || test acc@0.445
 >> # of data @17500 || total train time @47.584s || test acc@0.456
 >> # of data @17600 || total train time @49.471s || test acc@0.447
 >> # of data @17700 || total train time @56.798s || test acc@0.475
 >> # of data @17800 || total train time @52.064s || test acc@0.444
 >> # of data @17900 || total train time @51.051s || test acc@0.456
 >> # of data @18000 || total train time @46.241s || test acc@0.420
 >> # of data @18100 || total train time @52.764s || test acc@0.463
 >> # of data @18200 || total train time @51.009s || test acc@0.445
 >> # of data @18300 || total train time @46.385s || test acc@0.437
 >> # of data @18400 || total train time @50.528s || test acc@0.445
 >> # of data @18500 || total train time @52.813s || test acc@0.439
 >> # of data @18600 || total train time @58.128s || test acc@0.449
 >> # of data @18700 || total train time @51.853s || test acc@0.445
 >> # of data @18800 || total train time @48.401s || test acc@0.447
 >> # of data @18900 || total train time @58.102s || test acc@0.463
 >> # of data @19000 || total train time @55.354s || test acc@0.431
 >> # of data @19100 || total train time @57.267s || test acc@0.476
 >> # of data @19200 || total train time @52.176s || test acc@0.442
 >> # of data @19300 || total train time @53.559s || test acc@0.442
 >> # of data @19400 || total train time @55.222s || test acc@0.436
 >> # of data @19500 || total train time @56.445s || test acc@0.442
 >> # of data @19600 || total train time @62.098s || test acc@0.467
 >> # of data @19700 || total train time @53.449s || test acc@0.443
 >> # of data @19800 || total train time @57.519s || test acc@0.435
 >> # of data @19900 || total train time @62.598s || test acc@0.459
 >> # of data @20000 || total train time @57.159s || test acc@0.441
 >> # of data @20100 || total train time @63.258s || test acc@0.451
 >> # of data @20200 || total train time @57.796s || test acc@0.433
 >> # of data @20300 || total train time @63.435s || test acc@0.466
 >> # of data @20400 || total train time @59.124s || test acc@0.481
 >> # of data @20500 || total train time @64.465s || test acc@0.463
 >> # of data @20600 || total train time @60.400s || test acc@0.462
 >> # of data @20700 || total train time @57.265s || test acc@0.453
 >> # of data @20800 || total train time @64.517s || test acc@0.449
 >> # of data @20900 || total train time @66.350s || test acc@0.465
 >> # of data @21000 || total train time @64.210s || test acc@0.434
 >> # of data @21100 || total train time @67.818s || test acc@0.475
 >> # of data @21200 || total train time @74.605s || test acc@0.479
 >> # of data @21300 || total train time @66.810s || test acc@0.455
 >> # of data @21400 || total train time @68.252s || test acc@0.462
 >> # of data @21500 || total train time @64.723s || test acc@0.461
 >> # of data @21600 || total train time @68.270s || test acc@0.461
 >> # of data @21700 || total train time @67.980s || test acc@0.469
 >> # of data @21800 || total train time @75.560s || test acc@0.494
 >> # of data @21900 || total train time @64.081s || test acc@0.470
 >> # of data @22000 || total train time @59.132s || test acc@0.455
 >> # of data @22100 || total train time @68.420s || test acc@0.447
 >> # of data @22200 || total train time @86.615s || test acc@0.484
 >> # of data @22300 || total train time @71.525s || test acc@0.470
 >> # of data @22400 || total train time @68.874s || test acc@0.450
 >> # of data @22500 || total train time @72.144s || test acc@0.469
 >> # of data @22600 || total train time @67.292s || test acc@0.451
 >> # of data @22700 || total train time @71.208s || test acc@0.469
 >> # of data @22800 || total train time @78.251s || test acc@0.458
 >> # of data @22900 || total train time @70.816s || test acc@0.460
 >> # of data @23000 || total train time @70.704s || test acc@0.464
 >> # of data @23100 || total train time @67.988s || test acc@0.446
 >> # of data @23200 || total train time @70.403s || test acc@0.462
 >> # of data @23300 || total train time @74.175s || test acc@0.453
 >> # of data @23400 || total train time @81.358s || test acc@0.452
 >> # of data @23500 || total train time @65.558s || test acc@0.463
 >> # of data @23600 || total train time @67.606s || test acc@0.460
 >> # of data @23700 || total train time @73.124s || test acc@0.467
 >> # of data @23800 || total train time @79.424s || test acc@0.476
 >> # of data @23900 || total train time @81.090s || test acc@0.487
 >> # of data @24000 || total train time @83.722s || test acc@0.478
 >> # of data @24100 || total train time @82.075s || test acc@0.515
 >> # of data @24200 || total train time @161.515s || test acc@0.486
 >> # of data @24300 || total train time @91.586s || test acc@0.468
 >> # of data @24400 || total train time @84.928s || test acc@0.462
 >> # of data @24500 || total train time @93.142s || test acc@0.514
 >> # of data @24600 || total train time @84.857s || test acc@0.471
 >> # of data @24700 || total train time @95.313s || test acc@0.485
 >> # of data @24800 || total train time @142.325s || test acc@0.446
 >> # of data @24900 || total train time @142.217s || test acc@0.501
 >> # of data @25000 || total train time @78.849s || test acc@0.492
 >> # of data @25100 || total train time @90.016s || test acc@0.486
 >> # of data @25200 || total train time @87.091s || test acc@0.476
 >> # of data @25300 || total train time @107.086s || test acc@0.502
 >> # of data @25400 || total train time @151.155s || test acc@0.487
 >> # of data @25500 || total train time @159.627s || test acc@0.500
 >> # of data @25600 || total train time @87.927s || test acc@0.479
 >> # of data @25700 || total train time @81.765s || test acc@0.456
 >> # of data @25800 || total train time @96.937s || test acc@0.500
 >> # of data @25900 || total train time @220.246s || test acc@0.465
 >> # of data @26000 || total train time @242.658s || test acc@0.492
 >> # of data @26100 || total train time @91.983s || test acc@0.474
 >> # of data @26200 || total train time @83.039s || test acc@0.467
 >> # of data @26300 || total train time @101.447s || test acc@0.500
 >> # of data @26400 || total train time @80.249s || test acc@0.473
 >> # of data @26500 || total train time @205.144s || test acc@0.471
 >> # of data @26600 || total train time @166.679s || test acc@0.488
 >> # of data @26700 || total train time @158.212s || test acc@0.478
 >> # of data @26800 || total train time @179.039s || test acc@0.516
 >> # of data @26900 || total train time @192.115s || test acc@0.518
 >> # of data @27000 || total train time @159.417s || test acc@0.475
 >> # of data @27100 || total train time @243.951s || test acc@0.511
 >> # of data @27200 || total train time @103.195s || test acc@0.499
 >> # of data @27300 || total train time @266.176s || test acc@0.503
 >> # of data @27400 || total train time @205.233s || test acc@0.488
 >> # of data @27500 || total train time @99.033s || test acc@0.503
 >> # of data @27600 || total train time @157.873s || test acc@0.493
 >> # of data @27700 || total train time @175.256s || test acc@0.520
 >> # of data @27800 || total train time @224.294s || test acc@0.494
 >> # of data @27900 || total train time @183.677s || test acc@0.501
 >> # of data @28000 || total train time @184.596s || test acc@0.517
 >> # of data @28100 || total train time @178.625s || test acc@0.518
 >> # of data @28200 || total train time @225.481s || test acc@0.498
 >> # of data @28300 || total train time @221.990s || test acc@0.509
 >> # of data @28400 || total train time @226.673s || test acc@0.511
 >> # of data @28500 || total train time @98.904s || test acc@0.491
 >> # of data @28600 || total train time @224.422s || test acc@0.497
 >> # of data @28700 || total train time @182.757s || test acc@0.521
 >> # of data @28800 || total train time @199.603s || test acc@0.503
 >> # of data @28900 || total train time @179.821s || test acc@0.506
 >> # of data @29000 || total train time @172.491s || test acc@0.530
 >> # of data @29100 || total train time @213.140s || test acc@0.512
 >> # of data @29200 || total train time @250.253s || test acc@0.541
 >> # of data @29300 || total train time @222.866s || test acc@0.508
 >> # of data @29400 || total train time @249.828s || test acc@0.502
 >> # of data @29500 || total train time @192.813s || test acc@0.533
 >> # of data @29600 || total train time @193.821s || test acc@0.493
 >> # of data @29700 || total train time @236.164s || test acc@0.482
 >> # of data @29800 || total train time @166.184s || test acc@0.486
 >> # of data @29900 || total train time @231.578s || test acc@0.495
 >> # of data @30000 || total train time @205.402s || test acc@0.516
 >> # of data @30100 || total train time @248.248s || test acc@0.534
 >> # of data @30200 || total train time @231.737s || test acc@0.507
 >> # of data @30300 || total train time @284.459s || test acc@0.513
 >> # of data @30400 || total train time @181.943s || test acc@0.526
 >> # of data @30500 || total train time @242.926s || test acc@0.508
 >> # of data @30600 || total train time @285.217s || test acc@0.505
 >> # of data @30700 || total train time @239.329s || test acc@0.531
 >> # of data @30800 || total train time @296.602s || test acc@0.507
 >> # of data @30900 || total train time @299.530s || test acc@0.480
 >> # of data @31000 || total train time @299.942s || test acc@0.524
 >> # of data @31100 || total train time @288.769s || test acc@0.497
 >> # of data @31200 || total train time @249.515s || test acc@0.499
 >> # of data @31300 || total train time @203.462s || test acc@0.516
 >> # of data @31400 || total train time @168.239s || test acc@0.540
 >> # of data @31500 || total train time @287.824s || test acc@0.509
 >> # of data @31600 || total train time @194.011s || test acc@0.505
 >> # of data @31700 || total train time @260.365s || test acc@0.515
 >> # of data @31800 || total train time @185.862s || test acc@0.532
 >> # of data @31900 || total train time @223.626s || test acc@0.517
 >> # of data @32000 || total train time @238.968s || test acc@0.551
 >> # of data @32100 || total train time @293.512s || test acc@0.512
 >> # of data @32200 || total train time @255.392s || test acc@0.523
 >> # of data @32300 || total train time @291.409s || test acc@0.524
 >> # of data @32400 || total train time @299.581s || test acc@0.524
 >> # of data @32500 || total train time @262.879s || test acc@0.528
 >> # of data @32600 || total train time @281.239s || test acc@0.540
 >> # of data @32700 || total train time @186.719s || test acc@0.512
 >> # of data @32800 || total train time @319.435s || test acc@0.521
 >> # of data @32900 || total train time @353.228s || test acc@0.535
 >> # of data @33000 || total train time @305.455s || test acc@0.508
 >> # of data @33100 || total train time @275.081s || test acc@0.500
 >> # of data @33200 || total train time @262.994s || test acc@0.515
 >> # of data @33300 || total train time @255.933s || test acc@0.515
 >> # of data @33400 || total train time @330.278s || test acc@0.534
 >> # of data @33500 || total train time @287.434s || test acc@0.535
 >> # of data @33600 || total train time @280.397s || test acc@0.562
 >> # of data @33700 || total train time @296.314s || test acc@0.529
 >> # of data @33800 || total train time @337.526s || test acc@0.503
 >> # of data @33900 || total train time @248.819s || test acc@0.508
 >> # of data @34000 || total train time @245.888s || test acc@0.511
 >> # of data @34100 || total train time @291.135s || test acc@0.518
 >> # of data @34200 || total train time @286.714s || test acc@0.550
 >> # of data @34300 || total train time @287.467s || test acc@0.513
 >> # of data @34400 || total train time @249.540s || test acc@0.497
 >> # of data @34500 || total train time @283.591s || test acc@0.525
 >> # of data @34600 || total train time @256.869s || test acc@0.533
 >> # of data @34700 || total train time @318.081s || test acc@0.548
 >> # of data @34800 || total train time @285.558s || test acc@0.536
 >> # of data @34900 || total train time @311.604s || test acc@0.520
 >> # of data @35000 || total train time @258.846s || test acc@0.519
 >> # of data @35100 || total train time @275.201s || test acc@0.509
 >> # of data @35200 || total train time @358.563s || test acc@0.529
 >> # of data @35300 || total train time @335.278s || test acc@0.529
 >> # of data @35400 || total train time @324.391s || test acc@0.518
 >> # of data @35500 || total train time @312.653s || test acc@0.524
 >> # of data @35600 || total train time @369.078s || test acc@0.545
 >> # of data @35700 || total train time @319.975s || test acc@0.503
 >> # of data @35800 || total train time @270.770s || test acc@0.531
 >> # of data @35900 || total train time @259.750s || test acc@0.537
 >> # of data @36000 || total train time @316.576s || test acc@0.523
 >> # of data @36100 || total train time @374.278s || test acc@0.541
 >> # of data @36200 || total train time @356.342s || test acc@0.515
 >> # of data @36300 || total train time @264.261s || test acc@0.506
 >> # of data @36400 || total train time @286.675s || test acc@0.541
 >> # of data @36500 || total train time @355.045s || test acc@0.535
 >> # of data @36600 || total train time @305.085s || test acc@0.501
 >> # of data @36700 || total train time @348.541s || test acc@0.528
 >> # of data @36800 || total train time @272.690s || test acc@0.531
 >> # of data @36900 || total train time @297.099s || test acc@0.550
 >> # of data @37000 || total train time @414.841s || test acc@0.501
 >> # of data @37100 || total train time @379.011s || test acc@0.538
 >> # of data @37200 || total train time @297.792s || test acc@0.518
 >> # of data @37300 || total train time @286.217s || test acc@0.525
 >> # of data @37400 || total train time @397.674s || test acc@0.536
 >> # of data @37500 || total train time @353.019s || test acc@0.523
 >> # of data @37600 || total train time @333.041s || test acc@0.518
 >> # of data @37700 || total train time @314.367s || test acc@0.551
 >> # of data @37800 || total train time @267.330s || test acc@0.524
 >> # of data @37900 || total train time @359.172s || test acc@0.545
 >> # of data @38000 || total train time @375.257s || test acc@0.509
 >> # of data @38100 || total train time @385.271s || test acc@0.551
 >> # of data @38200 || total train time @331.523s || test acc@0.538
 >> # of data @38300 || total train time @349.830s || test acc@0.567
 >> # of data @38400 || total train time @334.682s || test acc@0.525
 >> # of data @38500 || total train time @325.431s || test acc@0.537
 >> # of data @38600 || total train time @291.638s || test acc@0.571
 >> # of data @38700 || total train time @324.699s || test acc@0.534
 >> # of data @38800 || total train time @284.838s || test acc@0.516
 >> # of data @38900 || total train time @340.417s || test acc@0.521
 >> # of data @39000 || total train time @324.508s || test acc@0.537
 >> # of data @39100 || total train time @318.088s || test acc@0.557
 >> # of data @39200 || total train time @410.744s || test acc@0.544
 >> # of data @39300 || total train time @341.127s || test acc@0.549
 >> # of data @39400 || total train time @313.727s || test acc@0.537
 >> # of data @39500 || total train time @302.747s || test acc@0.548
 >> # of data @39600 || total train time @419.729s || test acc@0.523
 >> # of data @39700 || total train time @399.649s || test acc@0.534
 >> # of data @39800 || total train time @320.707s || test acc@0.545
 >> # of data @39900 || total train time @289.964s || test acc@0.565
 >> # of data @40000 || total train time @311.217s || test acc@0.542
 >> # of data @40100 || total train time @389.658s || test acc@0.544
 >> # of data @40200 || total train time @420.693s || test acc@0.505
 >> # of data @40300 || total train time @384.601s || test acc@0.531
 >> # of data @40400 || total train time @336.860s || test acc@0.514
 >> # of data @40500 || total train time @344.295s || test acc@0.534
 >> # of data @40600 || total train time @370.272s || test acc@0.539
 >> # of data @40700 || total train time @333.792s || test acc@0.546
 >> # of data @40800 || total train time @320.970s || test acc@0.548
 >> # of data @40900 || total train time @360.097s || test acc@0.545
 >> # of data @41000 || total train time @390.273s || test acc@0.533
 >> # of data @41100 || total train time @320.192s || test acc@0.544
 >> # of data @41200 || total train time @370.863s || test acc@0.536
 >> # of data @41300 || total train time @364.271s || test acc@0.543
 >> # of data @41400 || total train time @317.929s || test acc@0.546
 >> # of data @41500 || total train time @346.501s || test acc@0.546
 >> # of data @41600 || total train time @392.680s || test acc@0.527
 >> # of data @41700 || total train time @411.776s || test acc@0.553
 >> # of data @41800 || total train time @372.610s || test acc@0.550
 >> # of data @41900 || total train time @395.495s || test acc@0.533
 >> # of data @42000 || total train time @430.471s || test acc@0.544
 >> # of data @42100 || total train time @378.104s || test acc@0.544
 >> # of data @42200 || total train time @359.538s || test acc@0.526
 >> # of data @42300 || total train time @381.937s || test acc@0.539
 >> # of data @42400 || total train time @285.646s || test acc@0.555
 >> # of data @42500 || total train time @328.975s || test acc@0.531
 >> # of data @42600 || total train time @339.871s || test acc@0.575
 >> # of data @42700 || total train time @395.600s || test acc@0.545
 >> # of data @42800 || total train time @337.961s || test acc@0.538
 >> # of data @42900 || total train time @399.945s || test acc@0.535
 >> # of data @43000 || total train time @380.056s || test acc@0.575
 >> # of data @43100 || total train time @362.595s || test acc@0.553
 >> # of data @43200 || total train time @421.938s || test acc@0.556
 >> # of data @43300 || total train time @347.538s || test acc@0.549
 >> # of data @43400 || total train time @390.741s || test acc@0.542
 >> # of data @43500 || total train time @358.792s || test acc@0.513
 >> # of data @43600 || total train time @343.406s || test acc@0.568
 >> # of data @43700 || total train time @411.616s || test acc@0.559
 >> # of data @43800 || total train time @367.849s || test acc@0.537
 >> # of data @43900 || total train time @320.737s || test acc@0.557
 >> # of data @44000 || total train time @376.245s || test acc@0.548
 >> # of data @44100 || total train time @381.167s || test acc@0.551
 >> # of data @44200 || total train time @372.083s || test acc@0.552
 >> # of data @44300 || total train time @288.410s || test acc@0.589
 >> # of data @44400 || total train time @350.703s || test acc@0.556
 >> # of data @44500 || total train time @361.551s || test acc@0.550
 >> # of data @44600 || total train time @379.466s || test acc@0.558
 >> # of data @44700 || total train time @327.024s || test acc@0.566
 >> # of data @44800 || total train time @434.061s || test acc@0.551
 >> # of data @44900 || total train time @387.746s || test acc@0.557
 >> # of data @45000 || total train time @315.388s || test acc@0.567
 >> # of data @45100 || total train time @373.754s || test acc@0.535
 >> # of data @45200 || total train time @426.983s || test acc@0.545
 >> # of data @45300 || total train time @373.424s || test acc@0.552
 >> # of data @45400 || total train time @358.237s || test acc@0.550
 >> # of data @45500 || total train time @413.260s || test acc@0.555
 >> # of data @45600 || total train time @390.037s || test acc@0.572
 >> # of data @45700 || total train time @404.233s || test acc@0.575
 >> # of data @45800 || total train time @409.812s || test acc@0.543
 >> # of data @45900 || total train time @386.932s || test acc@0.559
 >> # of data @46000 || total train time @368.515s || test acc@0.568
 >> # of data @46100 || total train time @414.719s || test acc@0.549
 >> # of data @46200 || total train time @366.123s || test acc@0.575
 >> # of data @46300 || total train time @310.670s || test acc@0.587
 >> # of data @46400 || total train time @364.547s || test acc@0.548
 >> # of data @46500 || total train time @422.091s || test acc@0.557
 >> # of data @46600 || total train time @339.952s || test acc@0.570
 >> # of data @46700 || total train time @410.420s || test acc@0.569
 >> # of data @46800 || total train time @425.234s || test acc@0.545
 >> # of data @46900 || total train time @385.995s || test acc@0.549
 >> # of data @47000 || total train time @382.383s || test acc@0.563
 >> # of data @47100 || total train time @410.663s || test acc@0.550
 >> # of data @47200 || total train time @403.913s || test acc@0.571
 >> # of data @47300 || total train time @353.205s || test acc@0.582
 >> # of data @47400 || total train time @384.035s || test acc@0.553
 >> # of data @47500 || total train time @453.872s || test acc@0.540
 >> # of data @47600 || total train time @466.416s || test acc@0.555
 >> # of data @47700 || total train time @373.513s || test acc@0.576
 >> # of data @47800 || total train time @425.968s || test acc@0.558
 >> # of data @47900 || total train time @416.833s || test acc@0.576
 >> # of data @48000 || total train time @420.402s || test acc@0.549
 >> # of data @48100 || total train time @371.691s || test acc@0.534
 >> # of data @48200 || total train time @414.084s || test acc@0.564
 >> # of data @48300 || total train time @414.793s || test acc@0.566
 >> # of data @48400 || total train time @421.545s || test acc@0.559
 >> # of data @48500 || total train time @436.197s || test acc@0.559
 >> # of data @48600 || total train time @411.692s || test acc@0.556
 >> # of data @48700 || total train time @377.871s || test acc@0.574
 >> # of data @48800 || total train time @444.941s || test acc@0.555
 >> # of data @48900 || total train time @476.023s || test acc@0.558
 >> # of data @49000 || total train time @433.473s || test acc@0.565
 >> # of data @49100 || total train time @332.955s || test acc@0.582
 >> # of data @49200 || total train time @455.739s || test acc@0.545
 >> # of data @49299 || total train time @444.772s || test acc@0.563
 >> # of data @49393 || total train time @386.505s || test acc@0.567
 >> # of data @49482 || total train time @462.910s || test acc@0.540
 >> # of data @49573 || total train time @393.277s || test acc@0.568
 >> # of data @49642 || total train time @459.693s || test acc@0.555
 >> # of data @49697 || total train time @464.690s || test acc@0.563
 >> # of data @49728 || total train time @431.644s || test acc@0.564
 >> # of data @49769 || total train time @449.021s || test acc@0.561
